<?xml version="1.0" encoding="UTF-8"?>
<!-- Generated by org.testng.reporters.JUnitReportReporter -->
<testsuite skipped="0" hostname="ZS-DSK-0014" name="test.TestcaseCreation" tests="1" failures="0" timestamp="17 Mar 2020 10:32:54 GMT" time="45.500" errors="0">
  <testcase name="testCaseCreation" time="45.500" classname="test.TestcaseCreation"/>
</testsuite> <!-- test.TestcaseCreation -->
